2025-10-08T15:49:50.856Z INFO SharedStateManager initialized
2025-10-08T15:49:50.857Z INFO Is remote: false
2025-10-08T15:49:50.857Z INFO Starting Local. Installation path: /Users/mac/Desktop/empoverse-landing
2025-10-08T15:49:50.857Z INFO [MainProvider] Creating new MainProvider instance...
2025-10-08T15:49:50.857Z INFO Installation path exists: /Users/mac/Desktop/empoverse-landing
2025-10-08T15:49:50.857Z INFO Initializing database with URL: file:/Users/mac/Desktop/empoverse-landing/pythagora-core/data/database/pythagora.db
2025-10-08T15:49:50.859Z INFO [/Users/mac/.vscode/extensions/pythagoratechnologies.pythagora-vs-code-2.5.13] Project root:
2025-10-08T15:49:50.859Z INFO [/Users/mac/.vscode/extensions/pythagoratechnologies.pythagora-vs-code-2.5.13/prisma/schema.prisma] Schema path:
2025-10-08T15:49:50.859Z INFO [file:/Users/mac/Desktop/empoverse-landing/pythagora-core/data/database/pythagora.db] Database URL:
2025-10-08T15:49:50.859Z INFO [true] Schema exists:
2025-10-08T15:49:50.860Z INFO Running prisma generate first...
2025-10-08T15:49:56.113Z INFO [Prisma schema loaded from prisma/schema.prisma

✔ Generated Prisma Client (6.16.3) to ./src/generated/prisma in 3.42s

] Prisma generate result:
2025-10-08T15:49:56.114Z INFO Running prisma db push to sync schema...
2025-10-08T15:50:01.292Z INFO [Prisma schema loaded from prisma/schema.prisma
Datasource "db": SQLite database "pythagora.db" at "file:/Users/mac/Desktop/empoverse-landing/pythagora-core/data/database/pythagora.db"

The database is already in sync with the Prisma schema.

Running generate... (Use --skip-generate to skip the generators)
[2K[1A[2K[GRunning generate... - Prisma Client
[2K[1A[2K[G✔ Generated Prisma Client (6.16.3) to ./src/generated/prisma in 2.66s

] Prisma db push result:
2025-10-08T15:50:01.295Z INFO Database initialized successfully
2025-10-08T15:50:01.612Z INFO [Migration] Checking for database migration...
2025-10-08T15:50:01.736Z INFO [Migration] No migration needed
2025-10-08T15:50:01.738Z INFO Starting right sidebar creation...
2025-10-08T15:50:01.738Z INFO Initializing MainProvider...
2025-10-08T15:50:01.738Z INFO Creating right panel...
2025-10-08T15:50:01.739Z INFO Creating right panel...
2025-10-08T15:50:01.739Z INFO Closing all existing tabs...
2025-10-08T15:50:01.777Z ERROR Error closing tabs:
Error: Canceled
Stack: Canceled: Canceled
    at rl (file:///Applications/Visual%20Studio%20Code.app/Contents/Resources/app/out/vs/workbench/api/node/extensionHostProcess.js:7:1394)
    at file:///Applications/Visual%20Studio%20Code.app/Contents/Resources/app/out/vs/workbench/api/node/extensionHostProcess.js:29:116493
    at Array.forEach (<anonymous>)
    at C4.dispose (file:///Applications/Visual%20Studio%20Code.app/Contents/Resources/app/out/vs/workbench/api/node/extensionHostProcess.js:29:116433)
    at LZ.terminate (file:///Applications/Visual%20Studio%20Code.app/Contents/Resources/app/out/vs/workbench/api/node/extensionHostProcess.js:116:10194)
    at E3.terminate (file:///Applications/Visual%20Studio%20Code.app/Contents/Resources/app/out/vs/workbench/api/node/extensionHostProcess.js:118:914)
    at ws (file:///Applications/Visual%20Studio%20Code.app/Contents/Resources/app/out/vs/workbench/api/node/extensionHostProcess.js:388:10154)
    at MessagePortMain.<anonymous> (file:///Applications/Visual%20Studio%20Code.app/Contents/Resources/app/out/vs/workbench/api/node/extensionHostProcess.js:388:6693)
    at MessagePortMain.emit (node:events:518:28)
    at MessagePortMain.emit (node:domain:489:12)
    at Object.MessagePortMain._internalPort.emit (node:electron/js2c/utility_init:2:2949)
Extra context: {
  "message": "Canceled"
}
2025-10-08T15:50:01.780Z INFO Right panel webview created
2025-10-08T15:50:01.782Z INFO Right panel HTML set successfully
2025-10-08T15:50:01.782Z INFO Right panel setup completed
2025-10-08T15:50:01.785Z INFO Setting up right panel dependencies...
2025-10-08T15:50:01.786Z INFO [/bin/bash -c pgrep -f "concurrently -n "client,server""] Running command:
